{"D:\\Documents\\RNT\\webpack\\src\\App.tsx": {"path":"D:\\Documents\\RNT\\webpack\\src\\App.tsx","statementMap":{"0":{"start":{"line":1,"column":0},"end":{"line":1,"column":46}},"1":{"start":{"line":2,"column":0},"end":{"line":2,"column":50}},"2":{"start":{"line":3,"column":0},"end":{"line":3,"column":37}},"3":{"start":{"line":5,"column":12},"end":{"line":11,"column":1}},"4":{"start":{"line":6,"column":2},"end":{"line":10,"column":4}},"5":{"start":{"line":12,"column":0},"end":{"line":12,"column":19}}},"fnMap":{"0":{"name":"(anonymous_1)","decl":{"start":{"line":5,"column":12},"end":{"line":5,"column":15}},"loc":{"start":{"line":5,"column":17},"end":{"line":11,"column":1}}}},"branchMap":{},"s":{"0":1,"1":1,"2":1,"3":1,"4":3,"5":1},"f":{"0":3},"b":{}}
,"D:\\Documents\\RNT\\webpack\\src\\entities\\movie\\Movie.tsx": {"path":"D:\\Documents\\RNT\\webpack\\src\\entities\\movie\\Movie.tsx","statementMap":{"0":{"start":{"line":2,"column":0},"end":{"line":2,"column":48}},"1":{"start":{"line":3,"column":0},"end":{"line":3,"column":47}},"2":{"start":{"line":5,"column":14},"end":{"line":25,"column":1}},"3":{"start":{"line":6,"column":19},"end":{"line":6,"column":24}},"4":{"start":{"line":7,"column":19},"end":{"line":7,"column":32}},"5":{"start":{"line":9,"column":28},"end":{"line":11,"column":3}},"6":{"start":{"line":10,"column":4},"end":{"line":10,"column":34}},"7":{"start":{"line":13,"column":2},"end":{"line":24,"column":4}},"8":{"start":{"line":26,"column":0},"end":{"line":26,"column":21}}},"fnMap":{"0":{"name":"(anonymous_1)","decl":{"start":{"line":5,"column":14},"end":{"line":5,"column":15}},"loc":{"start":{"line":5,"column":46},"end":{"line":25,"column":1}}},"1":{"name":"(anonymous_2)","decl":{"start":{"line":9,"column":28},"end":{"line":9,"column":31}},"loc":{"start":{"line":9,"column":33},"end":{"line":11,"column":3}}}},"branchMap":{},"s":{"0":1,"1":1,"2":1,"3":0,"4":0,"5":0,"6":0,"7":0,"8":1},"f":{"0":0,"1":0},"b":{}}
,"D:\\Documents\\RNT\\webpack\\src\\entities\\movie\\MovieInfo.tsx": {"path":"D:\\Documents\\RNT\\webpack\\src\\entities\\movie\\MovieInfo.tsx","statementMap":{"0":{"start":{"line":1,"column":0},"end":{"line":1,"column":52}},"1":{"start":{"line":3,"column":18},"end":{"line":25,"column":1}},"2":{"start":{"line":4,"column":2},"end":{"line":4,"column":26}},"3":{"start":{"line":4,"column":14},"end":{"line":4,"column":26}},"4":{"start":{"line":5,"column":2},"end":{"line":24,"column":4}},"5":{"start":{"line":26,"column":0},"end":{"line":26,"column":25}}},"fnMap":{"0":{"name":"(anonymous_1)","decl":{"start":{"line":3,"column":18},"end":{"line":3,"column":19}},"loc":{"start":{"line":3,"column":55},"end":{"line":25,"column":1}}}},"branchMap":{"0":{"loc":{"start":{"line":4,"column":2},"end":{"line":4,"column":26}},"type":"if","locations":[{"start":{"line":4,"column":2},"end":{"line":4,"column":26}}]}},"s":{"0":1,"1":1,"2":0,"3":0,"4":0,"5":1},"f":{"0":0},"b":{"0":[0]}}
,"D:\\Documents\\RNT\\webpack\\src\\entities\\movie\\MovieList.tsx": {"path":"D:\\Documents\\RNT\\webpack\\src\\entities\\movie\\MovieList.tsx","statementMap":{"0":{"start":{"line":1,"column":0},"end":{"line":1,"column":28}},"1":{"start":{"line":2,"column":0},"end":{"line":2,"column":47}},"2":{"start":{"line":3,"column":18},"end":{"line":12,"column":3}},"3":{"start":{"line":5,"column":2},"end":{"line":11,"column":4}},"4":{"start":{"line":8,"column":10},"end":{"line":8,"column":31}},"5":{"start":{"line":13,"column":0},"end":{"line":13,"column":25}}},"fnMap":{"0":{"name":"(anonymous_1)","decl":{"start":{"line":3,"column":18},"end":{"line":3,"column":19}},"loc":{"start":{"line":3,"column":55},"end":{"line":12,"column":3}}},"1":{"name":"(anonymous_2)","decl":{"start":{"line":7,"column":20},"end":{"line":7,"column":21}},"loc":{"start":{"line":8,"column":10},"end":{"line":8,"column":31}}}},"branchMap":{},"s":{"0":1,"1":1,"2":1,"3":0,"4":0,"5":1},"f":{"0":0,"1":0},"b":{}}
,"D:\\Documents\\RNT\\webpack\\src\\layout\\Footer.tsx": {"path":"D:\\Documents\\RNT\\webpack\\src\\layout\\Footer.tsx","statementMap":{"0":{"start":{"line":1,"column":0},"end":{"line":1,"column":48}},"1":{"start":{"line":3,"column":15},"end":{"line":5,"column":1}},"2":{"start":{"line":4,"column":2},"end":{"line":4,"column":58}},"3":{"start":{"line":6,"column":0},"end":{"line":6,"column":22}}},"fnMap":{"0":{"name":"(anonymous_1)","decl":{"start":{"line":3,"column":15},"end":{"line":3,"column":18}},"loc":{"start":{"line":3,"column":20},"end":{"line":5,"column":1}}}},"branchMap":{},"s":{"0":1,"1":1,"2":2,"3":1},"f":{"0":2},"b":{}}
,"D:\\Documents\\RNT\\webpack\\src\\layout\\Header.tsx": {"path":"D:\\Documents\\RNT\\webpack\\src\\layout\\Header.tsx","statementMap":{"0":{"start":{"line":1,"column":0},"end":{"line":1,"column":40}},"1":{"start":{"line":2,"column":0},"end":{"line":2,"column":48}},"2":{"start":{"line":3,"column":0},"end":{"line":3,"column":38}},"3":{"start":{"line":4,"column":0},"end":{"line":4,"column":55}},"4":{"start":{"line":6,"column":0},"end":{"line":6,"column":48}},"5":{"start":{"line":7,"column":0},"end":{"line":7,"column":33}},"6":{"start":{"line":9,"column":15},"end":{"line":27,"column":1}},"7":{"start":{"line":10,"column":19},"end":{"line":10,"column":32}},"8":{"start":{"line":11,"column":30},"end":{"line":11,"column":75}},"9":{"start":{"line":11,"column":64},"end":{"line":11,"column":74}},"10":{"start":{"line":13,"column":23},"end":{"line":13,"column":47}},"11":{"start":{"line":13,"column":29},"end":{"line":13,"column":47}},"12":{"start":{"line":15,"column":2},"end":{"line":26,"column":4}},"13":{"start":{"line":28,"column":0},"end":{"line":28,"column":22}}},"fnMap":{"0":{"name":"(anonymous_1)","decl":{"start":{"line":9,"column":15},"end":{"line":9,"column":18}},"loc":{"start":{"line":9,"column":20},"end":{"line":27,"column":1}}},"1":{"name":"(anonymous_2)","decl":{"start":{"line":11,"column":42},"end":{"line":11,"column":43}},"loc":{"start":{"line":11,"column":64},"end":{"line":11,"column":74}}},"2":{"name":"(anonymous_3)","decl":{"start":{"line":13,"column":23},"end":{"line":13,"column":26}},"loc":{"start":{"line":13,"column":29},"end":{"line":13,"column":47}}}},"branchMap":{"0":{"loc":{"start":{"line":20,"column":7},"end":{"line":23,"column":null}},"type":"binary-expr","locations":[{"start":{"line":20,"column":7},"end":{"line":20,"column":22}},{"start":{"line":21,"column":8},"end":{"line":23,"column":null}}]}},"s":{"0":1,"1":1,"2":1,"3":1,"4":1,"5":1,"6":1,"7":5,"8":0,"9":0,"10":0,"11":0,"12":0,"13":1},"f":{"0":5,"1":0,"2":0},"b":{"0":[0,0]}}
,"D:\\Documents\\RNT\\webpack\\src\\layout\\Root.tsx": {"path":"D:\\Documents\\RNT\\webpack\\src\\layout\\Root.tsx","statementMap":{"0":{"start":{"line":1,"column":0},"end":{"line":1,"column":42}},"1":{"start":{"line":2,"column":0},"end":{"line":2,"column":30}},"2":{"start":{"line":3,"column":0},"end":{"line":3,"column":55}},"3":{"start":{"line":4,"column":0},"end":{"line":4,"column":47}},"4":{"start":{"line":5,"column":0},"end":{"line":5,"column":30}},"5":{"start":{"line":7,"column":13},"end":{"line":16,"column":1}},"6":{"start":{"line":8,"column":2},"end":{"line":15,"column":4}},"7":{"start":{"line":18,"column":0},"end":{"line":18,"column":20}}},"fnMap":{"0":{"name":"(anonymous_1)","decl":{"start":{"line":7,"column":13},"end":{"line":7,"column":16}},"loc":{"start":{"line":7,"column":18},"end":{"line":16,"column":1}}}},"branchMap":{},"s":{"0":1,"1":1,"2":1,"3":1,"4":1,"5":1,"6":3,"7":1},"f":{"0":3},"b":{}}
,"D:\\Documents\\RNT\\webpack\\src\\pages\\LoginPage.tsx": {"path":"D:\\Documents\\RNT\\webpack\\src\\pages\\LoginPage.tsx","statementMap":{"0":{"start":{"line":1,"column":0},"end":{"line":1,"column":42}},"1":{"start":{"line":3,"column":0},"end":{"line":3,"column":54}},"2":{"start":{"line":4,"column":0},"end":{"line":4,"column":33}},"3":{"start":{"line":5,"column":0},"end":{"line":5,"column":48}},"4":{"start":{"line":6,"column":0},"end":{"line":6,"column":46}},"5":{"start":{"line":7,"column":0},"end":{"line":7,"column":40}},"6":{"start":{"line":8,"column":0},"end":{"line":8,"column":39}},"7":{"start":{"line":9,"column":18},"end":{"line":86,"column":1}},"8":{"start":{"line":10,"column":32},"end":{"line":10,"column":45}},"9":{"start":{"line":12,"column":26},"end":{"line":15,"column":4}},"10":{"start":{"line":17,"column":30},"end":{"line":20,"column":4}},"11":{"start":{"line":22,"column":28},"end":{"line":41,"column":3}},"12":{"start":{"line":23,"column":28},"end":{"line":23,"column":36}},"13":{"start":{"line":24,"column":16},"end":{"line":24,"column":18}},"14":{"start":{"line":26,"column":4},"end":{"line":37,"column":null}},"15":{"start":{"line":28,"column":8},"end":{"line":29,"column":73}},"16":{"start":{"line":29,"column":10},"end":{"line":29,"column":73}},"17":{"start":{"line":30,"column":8},"end":{"line":30,"column":14}},"18":{"start":{"line":32,"column":8},"end":{"line":33,"column":93}},"19":{"start":{"line":33,"column":10},"end":{"line":33,"column":93}},"20":{"start":{"line":34,"column":8},"end":{"line":34,"column":14}},"21":{"start":{"line":36,"column":8},"end":{"line":36,"column":14}},"22":{"start":{"line":39,"column":4},"end":{"line":39,"column":41}},"23":{"start":{"line":40,"column":4},"end":{"line":40,"column":45}},"24":{"start":{"line":42,"column":30},"end":{"line":42,"column":34}},"25":{"start":{"line":43,"column":21},"end":{"line":55,"column":3}},"26":{"start":{"line":44,"column":4},"end":{"line":44,"column":23}},"27":{"start":{"line":45,"column":4},"end":{"line":48,"column":null}},"28":{"start":{"line":45,"column":44},"end":{"line":45,"column":54}},"29":{"start":{"line":46,"column":6},"end":{"line":46,"column":54}},"30":{"start":{"line":47,"column":6},"end":{"line":47,"column":13}},"31":{"start":{"line":49,"column":4},"end":{"line":52,"column":null}},"32":{"start":{"line":49,"column":42},"end":{"line":49,"column":52}},"33":{"start":{"line":50,"column":6},"end":{"line":50,"column":58}},"34":{"start":{"line":51,"column":6},"end":{"line":51,"column":13}},"35":{"start":{"line":53,"column":4},"end":{"line":54,"column":48}},"36":{"start":{"line":54,"column":22},"end":{"line":54,"column":46}},"37":{"start":{"line":57,"column":2},"end":{"line":85,"column":4}},"38":{"start":{"line":88,"column":0},"end":{"line":88,"column":25}}},"fnMap":{"0":{"name":"(anonymous_7)","decl":{"start":{"line":9,"column":18},"end":{"line":9,"column":21}},"loc":{"start":{"line":9,"column":23},"end":{"line":86,"column":1}}},"1":{"name":"(anonymous_8)","decl":{"start":{"line":22,"column":28},"end":{"line":22,"column":29}},"loc":{"start":{"line":22,"column":71},"end":{"line":41,"column":3}}},"2":{"name":"(anonymous_9)","decl":{"start":{"line":43,"column":21},"end":{"line":43,"column":22}},"loc":{"start":{"line":43,"column":44},"end":{"line":55,"column":3}}},"3":{"name":"(anonymous_10)","decl":{"start":{"line":45,"column":35},"end":{"line":45,"column":36}},"loc":{"start":{"line":45,"column":44},"end":{"line":45,"column":54}}},"4":{"name":"(anonymous_11)","decl":{"start":{"line":49,"column":33},"end":{"line":49,"column":34}},"loc":{"start":{"line":49,"column":42},"end":{"line":49,"column":52}}},"5":{"name":"(anonymous_12)","decl":{"start":{"line":54,"column":13},"end":{"line":54,"column":14}},"loc":{"start":{"line":54,"column":22},"end":{"line":54,"column":46}}}},"branchMap":{"0":{"loc":{"start":{"line":26,"column":4},"end":{"line":37,"column":null}},"type":"switch","locations":[{"start":{"line":27,"column":6},"end":{"line":30,"column":14}},{"start":{"line":31,"column":6},"end":{"line":34,"column":14}},{"start":{"line":35,"column":6},"end":{"line":36,"column":14}}]},"1":{"loc":{"start":{"line":28,"column":8},"end":{"line":29,"column":73}},"type":"if","locations":[{"start":{"line":28,"column":8},"end":{"line":29,"column":73}}]},"2":{"loc":{"start":{"line":32,"column":8},"end":{"line":33,"column":93}},"type":"if","locations":[{"start":{"line":32,"column":8},"end":{"line":33,"column":93}}]},"3":{"loc":{"start":{"line":32,"column":12},"end":{"line":32,"column":68}},"type":"binary-expr","locations":[{"start":{"line":32,"column":12},"end":{"line":32,"column":28}},{"start":{"line":32,"column":32},"end":{"line":32,"column":68}}]},"4":{"loc":{"start":{"line":45,"column":4},"end":{"line":48,"column":null}},"type":"if","locations":[{"start":{"line":45,"column":4},"end":{"line":48,"column":null}}]},"5":{"loc":{"start":{"line":49,"column":4},"end":{"line":52,"column":null}},"type":"if","locations":[{"start":{"line":49,"column":4},"end":{"line":52,"column":null}}]},"6":{"loc":{"start":{"line":69,"column":9},"end":{"line":69,"column":79}},"type":"binary-expr","locations":[{"start":{"line":69,"column":9},"end":{"line":69,"column":21}},{"start":{"line":69,"column":25},"end":{"line":69,"column":79}}]},"7":{"loc":{"start":{"line":78,"column":9},"end":{"line":78,"column":85}},"type":"binary-expr","locations":[{"start":{"line":78,"column":9},"end":{"line":78,"column":24}},{"start":{"line":78,"column":28},"end":{"line":78,"column":85}}]}},"s":{"0":1,"1":1,"2":1,"3":1,"4":1,"5":1,"6":1,"7":1,"8":0,"9":0,"10":0,"11":0,"12":0,"13":0,"14":0,"15":0,"16":0,"17":0,"18":0,"19":0,"20":0,"21":0,"22":0,"23":0,"24":0,"25":0,"26":0,"27":0,"28":0,"29":0,"30":0,"31":0,"32":0,"33":0,"34":0,"35":0,"36":0,"37":0,"38":1},"f":{"0":0,"1":0,"2":0,"3":0,"4":0,"5":0},"b":{"0":[0,0,0],"1":[0],"2":[0],"3":[0,0],"4":[0],"5":[0],"6":[0,0],"7":[0,0]}}
,"D:\\Documents\\RNT\\webpack\\src\\pages\\MainPage.tsx": {"path":"D:\\Documents\\RNT\\webpack\\src\\pages\\MainPage.tsx","statementMap":{"0":{"start":{"line":1,"column":0},"end":{"line":1,"column":51}},"1":{"start":{"line":2,"column":0},"end":{"line":2,"column":34}},"2":{"start":{"line":3,"column":0},"end":{"line":3,"column":35}},"3":{"start":{"line":4,"column":0},"end":{"line":4,"column":55}},"4":{"start":{"line":6,"column":0},"end":{"line":6,"column":34}},"5":{"start":{"line":7,"column":0},"end":{"line":7,"column":57}},"6":{"start":{"line":9,"column":17},"end":{"line":26,"column":1}},"7":{"start":{"line":10,"column":32},"end":{"line":10,"column":45}},"8":{"start":{"line":12,"column":33},"end":{"line":13,"column":null}},"9":{"start":{"line":13,"column":26},"end":{"line":13,"column":38}},"10":{"start":{"line":16,"column":2},"end":{"line":18,"column":21}},"11":{"start":{"line":17,"column":4},"end":{"line":17,"column":28}},"12":{"start":{"line":19,"column":2},"end":{"line":25,"column":4}},"13":{"start":{"line":28,"column":0},"end":{"line":28,"column":24}}},"fnMap":{"0":{"name":"(anonymous_1)","decl":{"start":{"line":9,"column":17},"end":{"line":9,"column":20}},"loc":{"start":{"line":9,"column":22},"end":{"line":26,"column":1}}},"1":{"name":"(anonymous_2)","decl":{"start":{"line":13,"column":4},"end":{"line":13,"column":5}},"loc":{"start":{"line":13,"column":26},"end":{"line":13,"column":38}}},"2":{"name":"(anonymous_3)","decl":{"start":{"line":16,"column":12},"end":{"line":16,"column":15}},"loc":{"start":{"line":16,"column":17},"end":{"line":18,"column":3}}}},"branchMap":{"0":{"loc":{"start":{"line":22,"column":7},"end":{"line":22,"column":34}},"type":"binary-expr","locations":[{"start":{"line":22,"column":7},"end":{"line":22,"column":19}},{"start":{"line":22,"column":23},"end":{"line":22,"column":34}}]}},"s":{"0":1,"1":1,"2":1,"3":1,"4":1,"5":1,"6":1,"7":0,"8":0,"9":0,"10":0,"11":0,"12":0,"13":1},"f":{"0":0,"1":0,"2":0},"b":{"0":[0,0]}}
,"D:\\Documents\\RNT\\webpack\\src\\pages\\MoviePage.tsx": {"path":"D:\\Documents\\RNT\\webpack\\src\\pages\\MoviePage.tsx","statementMap":{"0":{"start":{"line":1,"column":0},"end":{"line":1,"column":55}},"1":{"start":{"line":2,"column":0},"end":{"line":2,"column":51}},"2":{"start":{"line":4,"column":0},"end":{"line":4,"column":34}},"3":{"start":{"line":5,"column":0},"end":{"line":5,"column":56}},"4":{"start":{"line":6,"column":0},"end":{"line":6,"column":34}},"5":{"start":{"line":7,"column":0},"end":{"line":7,"column":51}},"6":{"start":{"line":8,"column":0},"end":{"line":8,"column":35}},"7":{"start":{"line":10,"column":18},"end":{"line":24,"column":1}},"8":{"start":{"line":11,"column":17},"end":{"line":11,"column":44}},"9":{"start":{"line":12,"column":34},"end":{"line":12,"column":47}},"10":{"start":{"line":13,"column":18},"end":{"line":13,"column":73}},"11":{"start":{"line":13,"column":52},"end":{"line":13,"column":72}},"12":{"start":{"line":15,"column":4},"end":{"line":17,"column":null}},"13":{"start":{"line":16,"column":8},"end":{"line":16,"column":null}},"14":{"start":{"line":19,"column":4},"end":{"line":19,"column":null}},"15":{"start":{"line":19,"column":23},"end":{"line":19,"column":null}},"16":{"start":{"line":20,"column":4},"end":{"line":20,"column":null}},"17":{"start":{"line":20,"column":21},"end":{"line":20,"column":null}},"18":{"start":{"line":21,"column":4},"end":{"line":23,"column":null}},"19":{"start":{"line":26,"column":0},"end":{"line":26,"column":null}}},"fnMap":{"0":{"name":"(anonymous_1)","decl":{"start":{"line":10,"column":18},"end":{"line":10,"column":21}},"loc":{"start":{"line":10,"column":23},"end":{"line":24,"column":1}}},"1":{"name":"(anonymous_2)","decl":{"start":{"line":13,"column":30},"end":{"line":13,"column":31}},"loc":{"start":{"line":13,"column":52},"end":{"line":13,"column":72}}},"2":{"name":"(anonymous_3)","decl":{"start":{"line":15,"column":14},"end":{"line":15,"column":17}},"loc":{"start":{"line":15,"column":19},"end":{"line":17,"column":5}}}},"branchMap":{"0":{"loc":{"start":{"line":19,"column":4},"end":{"line":19,"column":null}},"type":"if","locations":[{"start":{"line":19,"column":4},"end":{"line":19,"column":null}}]},"1":{"loc":{"start":{"line":20,"column":4},"end":{"line":20,"column":null}},"type":"if","locations":[{"start":{"line":20,"column":4},"end":{"line":20,"column":null}}]}},"s":{"0":1,"1":1,"2":1,"3":1,"4":1,"5":1,"6":1,"7":1,"8":0,"9":0,"10":0,"11":0,"12":0,"13":0,"14":0,"15":0,"16":0,"17":0,"18":0,"19":1},"f":{"0":0,"1":0,"2":0},"b":{"0":[0],"1":[0]}}
,"D:\\Documents\\RNT\\webpack\\src\\pages\\NotFound.tsx": {"path":"D:\\Documents\\RNT\\webpack\\src\\pages\\NotFound.tsx","statementMap":{"0":{"start":{"line":1,"column":0},"end":{"line":1,"column":52}},"1":{"start":{"line":3,"column":17},"end":{"line":10,"column":1}},"2":{"start":{"line":4,"column":4},"end":{"line":9,"column":6}},"3":{"start":{"line":12,"column":0},"end":{"line":12,"column":24}}},"fnMap":{"0":{"name":"(anonymous_1)","decl":{"start":{"line":3,"column":17},"end":{"line":3,"column":20}},"loc":{"start":{"line":3,"column":22},"end":{"line":10,"column":1}}}},"branchMap":{},"s":{"0":1,"1":1,"2":0,"3":1},"f":{"0":0},"b":{}}
,"D:\\Documents\\RNT\\webpack\\src\\pages\\RegisterPage.tsx": {"path":"D:\\Documents\\RNT\\webpack\\src\\pages\\RegisterPage.tsx","statementMap":{"0":{"start":{"line":1,"column":0},"end":{"line":1,"column":33}},"1":{"start":{"line":2,"column":0},"end":{"line":2,"column":42}},"2":{"start":{"line":4,"column":0},"end":{"line":4,"column":64}},"3":{"start":{"line":5,"column":0},"end":{"line":5,"column":48}},"4":{"start":{"line":6,"column":0},"end":{"line":6,"column":46}},"5":{"start":{"line":7,"column":0},"end":{"line":7,"column":40}},"6":{"start":{"line":8,"column":0},"end":{"line":8,"column":39}},"7":{"start":{"line":10,"column":21},"end":{"line":124,"column":1}},"8":{"start":{"line":11,"column":32},"end":{"line":11,"column":45}},"9":{"start":{"line":13,"column":26},"end":{"line":18,"column":4}},"10":{"start":{"line":20,"column":30},"end":{"line":25,"column":4}},"11":{"start":{"line":27,"column":28},"end":{"line":54,"column":3}},"12":{"start":{"line":28,"column":28},"end":{"line":28,"column":36}},"13":{"start":{"line":29,"column":16},"end":{"line":29,"column":18}},"14":{"start":{"line":31,"column":4},"end":{"line":50,"column":null}},"15":{"start":{"line":33,"column":8},"end":{"line":34,"column":42}},"16":{"start":{"line":34,"column":10},"end":{"line":34,"column":42}},"17":{"start":{"line":35,"column":8},"end":{"line":35,"column":14}},"18":{"start":{"line":37,"column":8},"end":{"line":38,"column":73}},"19":{"start":{"line":38,"column":10},"end":{"line":38,"column":73}},"20":{"start":{"line":39,"column":8},"end":{"line":39,"column":14}},"21":{"start":{"line":41,"column":8},"end":{"line":42,"column":93}},"22":{"start":{"line":42,"column":10},"end":{"line":42,"column":93}},"23":{"start":{"line":43,"column":8},"end":{"line":43,"column":14}},"24":{"start":{"line":45,"column":8},"end":{"line":46,"column":43}},"25":{"start":{"line":46,"column":10},"end":{"line":46,"column":43}},"26":{"start":{"line":47,"column":8},"end":{"line":47,"column":14}},"27":{"start":{"line":49,"column":8},"end":{"line":49,"column":14}},"28":{"start":{"line":52,"column":4},"end":{"line":52,"column":38}},"29":{"start":{"line":53,"column":4},"end":{"line":53,"column":43}},"30":{"start":{"line":56,"column":53},"end":{"line":56,"column":57}},"31":{"start":{"line":59,"column":25},"end":{"line":73,"column":3}},"32":{"start":{"line":60,"column":4},"end":{"line":60,"column":23}},"33":{"start":{"line":61,"column":4},"end":{"line":64,"column":null}},"34":{"start":{"line":61,"column":44},"end":{"line":61,"column":54}},"35":{"start":{"line":62,"column":6},"end":{"line":62,"column":54}},"36":{"start":{"line":63,"column":6},"end":{"line":63,"column":13}},"37":{"start":{"line":65,"column":4},"end":{"line":68,"column":null}},"38":{"start":{"line":65,"column":42},"end":{"line":65,"column":52}},"39":{"start":{"line":66,"column":6},"end":{"line":66,"column":58}},"40":{"start":{"line":67,"column":6},"end":{"line":67,"column":13}},"41":{"start":{"line":69,"column":4},"end":{"line":72,"column":50}},"42":{"start":{"line":71,"column":8},"end":{"line":71,"column":52}},"43":{"start":{"line":72,"column":24},"end":{"line":72,"column":48}},"44":{"start":{"line":75,"column":2},"end":{"line":123,"column":4}},"45":{"start":{"line":125,"column":0},"end":{"line":125,"column":28}}},"fnMap":{"0":{"name":"(anonymous_7)","decl":{"start":{"line":10,"column":21},"end":{"line":10,"column":24}},"loc":{"start":{"line":10,"column":26},"end":{"line":124,"column":1}}},"1":{"name":"(anonymous_8)","decl":{"start":{"line":27,"column":28},"end":{"line":27,"column":29}},"loc":{"start":{"line":27,"column":71},"end":{"line":54,"column":3}}},"2":{"name":"(anonymous_9)","decl":{"start":{"line":59,"column":25},"end":{"line":59,"column":26}},"loc":{"start":{"line":59,"column":48},"end":{"line":73,"column":3}}},"3":{"name":"(anonymous_10)","decl":{"start":{"line":61,"column":35},"end":{"line":61,"column":36}},"loc":{"start":{"line":61,"column":44},"end":{"line":61,"column":54}}},"4":{"name":"(anonymous_11)","decl":{"start":{"line":65,"column":33},"end":{"line":65,"column":34}},"loc":{"start":{"line":65,"column":42},"end":{"line":65,"column":52}}},"5":{"name":"(anonymous_12)","decl":{"start":{"line":70,"column":12},"end":{"line":70,"column":15}},"loc":{"start":{"line":70,"column":17},"end":{"line":72,"column":7}}},"6":{"name":"(anonymous_13)","decl":{"start":{"line":72,"column":15},"end":{"line":72,"column":16}},"loc":{"start":{"line":72,"column":24},"end":{"line":72,"column":48}}}},"branchMap":{"0":{"loc":{"start":{"line":31,"column":4},"end":{"line":50,"column":null}},"type":"switch","locations":[{"start":{"line":32,"column":6},"end":{"line":35,"column":14}},{"start":{"line":36,"column":6},"end":{"line":39,"column":14}},{"start":{"line":40,"column":6},"end":{"line":43,"column":14}},{"start":{"line":44,"column":6},"end":{"line":47,"column":14}},{"start":{"line":48,"column":6},"end":{"line":49,"column":14}}]},"1":{"loc":{"start":{"line":33,"column":8},"end":{"line":34,"column":42}},"type":"if","locations":[{"start":{"line":33,"column":8},"end":{"line":34,"column":42}}]},"2":{"loc":{"start":{"line":37,"column":8},"end":{"line":38,"column":73}},"type":"if","locations":[{"start":{"line":37,"column":8},"end":{"line":38,"column":73}}]},"3":{"loc":{"start":{"line":41,"column":8},"end":{"line":42,"column":93}},"type":"if","locations":[{"start":{"line":41,"column":8},"end":{"line":42,"column":93}}]},"4":{"loc":{"start":{"line":41,"column":12},"end":{"line":41,"column":68}},"type":"binary-expr","locations":[{"start":{"line":41,"column":12},"end":{"line":41,"column":28}},{"start":{"line":41,"column":32},"end":{"line":41,"column":68}}]},"5":{"loc":{"start":{"line":45,"column":8},"end":{"line":46,"column":43}},"type":"if","locations":[{"start":{"line":45,"column":8},"end":{"line":46,"column":43}}]},"6":{"loc":{"start":{"line":61,"column":4},"end":{"line":64,"column":null}},"type":"if","locations":[{"start":{"line":61,"column":4},"end":{"line":64,"column":null}}]},"7":{"loc":{"start":{"line":65,"column":4},"end":{"line":68,"column":null}},"type":"if","locations":[{"start":{"line":65,"column":4},"end":{"line":68,"column":null}}]},"8":{"loc":{"start":{"line":89,"column":9},"end":{"line":89,"column":79}},"type":"binary-expr","locations":[{"start":{"line":89,"column":9},"end":{"line":89,"column":21}},{"start":{"line":89,"column":25},"end":{"line":89,"column":79}}]},"9":{"loc":{"start":{"line":98,"column":9},"end":{"line":98,"column":79}},"type":"binary-expr","locations":[{"start":{"line":98,"column":9},"end":{"line":98,"column":21}},{"start":{"line":98,"column":25},"end":{"line":98,"column":79}}]},"10":{"loc":{"start":{"line":107,"column":9},"end":{"line":107,"column":85}},"type":"binary-expr","locations":[{"start":{"line":107,"column":9},"end":{"line":107,"column":24}},{"start":{"line":107,"column":28},"end":{"line":107,"column":85}}]},"11":{"loc":{"start":{"line":116,"column":9},"end":{"line":116,"column":97}},"type":"binary-expr","locations":[{"start":{"line":116,"column":9},"end":{"line":116,"column":30}},{"start":{"line":116,"column":34},"end":{"line":116,"column":97}}]}},"s":{"0":1,"1":1,"2":1,"3":1,"4":1,"5":1,"6":1,"7":1,"8":0,"9":0,"10":0,"11":0,"12":0,"13":0,"14":0,"15":0,"16":0,"17":0,"18":0,"19":0,"20":0,"21":0,"22":0,"23":0,"24":0,"25":0,"26":0,"27":0,"28":0,"29":0,"30":0,"31":0,"32":0,"33":0,"34":0,"35":0,"36":0,"37":0,"38":0,"39":0,"40":0,"41":0,"42":0,"43":0,"44":0,"45":1},"f":{"0":0,"1":0,"2":0,"3":0,"4":0,"5":0,"6":0},"b":{"0":[0,0,0,0,0],"1":[0],"2":[0],"3":[0],"4":[0,0],"5":[0],"6":[0],"7":[0],"8":[0,0],"9":[0,0],"10":[0,0],"11":[0,0]}}
,"D:\\Documents\\RNT\\webpack\\src\\router\\Protected.tsx": {"path":"D:\\Documents\\RNT\\webpack\\src\\router\\Protected.tsx","statementMap":{"0":{"start":{"line":1,"column":0},"end":{"line":1,"column":42}},"1":{"start":{"line":2,"column":0},"end":{"line":2,"column":57}},"2":{"start":{"line":9,"column":18},"end":{"line":18,"column":1}},"3":{"start":{"line":10,"column":30},"end":{"line":10,"column":75}},"4":{"start":{"line":10,"column":64},"end":{"line":10,"column":74}},"5":{"start":{"line":11,"column":19},"end":{"line":11,"column":41}},"6":{"start":{"line":13,"column":2},"end":{"line":17,"column":4}},"7":{"start":{"line":20,"column":0},"end":{"line":20,"column":25}}},"fnMap":{"0":{"name":"(anonymous_0)","decl":{"start":{"line":9,"column":18},"end":{"line":9,"column":19}},"loc":{"start":{"line":9,"column":42},"end":{"line":18,"column":1}}},"1":{"name":"(anonymous_1)","decl":{"start":{"line":10,"column":42},"end":{"line":10,"column":43}},"loc":{"start":{"line":10,"column":64},"end":{"line":10,"column":74}}}},"branchMap":{"0":{"loc":{"start":{"line":13,"column":9},"end":{"line":16,"column":null}},"type":"cond-expr","locations":[{"start":{"line":14,"column":4},"end":{"line":14,"column":12}},{"start":{"line":16,"column":4},"end":{"line":16,"column":65}}]}},"s":{"0":1,"1":1,"2":1,"3":4,"4":0,"5":0,"6":0,"7":1},"f":{"0":4,"1":0},"b":{"0":[0,0]}}
,"D:\\Documents\\RNT\\webpack\\src\\router\\UnAuthed.tsx": {"path":"D:\\Documents\\RNT\\webpack\\src\\router\\UnAuthed.tsx","statementMap":{"0":{"start":{"line":1,"column":0},"end":{"line":1,"column":42}},"1":{"start":{"line":2,"column":0},"end":{"line":2,"column":44}},"2":{"start":{"line":10,"column":17},"end":{"line":14,"column":1}},"3":{"start":{"line":11,"column":32},"end":{"line":11,"column":77}},"4":{"start":{"line":11,"column":66},"end":{"line":11,"column":76}},"5":{"start":{"line":13,"column":4},"end":{"line":13,"column":71}},"6":{"start":{"line":16,"column":0},"end":{"line":16,"column":24}}},"fnMap":{"0":{"name":"(anonymous_0)","decl":{"start":{"line":10,"column":17},"end":{"line":10,"column":18}},"loc":{"start":{"line":10,"column":40},"end":{"line":14,"column":1}}},"1":{"name":"(anonymous_1)","decl":{"start":{"line":11,"column":44},"end":{"line":11,"column":45}},"loc":{"start":{"line":11,"column":66},"end":{"line":11,"column":76}}}},"branchMap":{"0":{"loc":{"start":{"line":13,"column":11},"end":{"line":13,"column":70}},"type":"cond-expr","locations":[{"start":{"line":13,"column":30},"end":{"line":13,"column":38}},{"start":{"line":13,"column":41},"end":{"line":13,"column":70}}]}},"s":{"0":1,"1":1,"2":1,"3":0,"4":0,"5":0,"6":1},"f":{"0":0,"1":0},"b":{"0":[0,0]}}
,"D:\\Documents\\RNT\\webpack\\src\\router\\router.tsx": {"path":"D:\\Documents\\RNT\\webpack\\src\\router\\router.tsx","statementMap":{"0":{"start":{"line":1,"column":0},"end":{"line":1,"column":55}},"1":{"start":{"line":2,"column":0},"end":{"line":2,"column":40}},"2":{"start":{"line":3,"column":0},"end":{"line":3,"column":48}},"3":{"start":{"line":4,"column":0},"end":{"line":4,"column":42}},"4":{"start":{"line":5,"column":0},"end":{"line":5,"column":33}},"5":{"start":{"line":6,"column":0},"end":{"line":6,"column":36}},"6":{"start":{"line":7,"column":0},"end":{"line":7,"column":34}},"7":{"start":{"line":8,"column":0},"end":{"line":8,"column":40}},"8":{"start":{"line":9,"column":0},"end":{"line":9,"column":42}},"9":{"start":{"line":11,"column":15},"end":{"line":38,"column":2}},"10":{"start":{"line":40,"column":0},"end":{"line":40,"column":22}}},"fnMap":{},"branchMap":{},"s":{"0":1,"1":1,"2":1,"3":1,"4":1,"5":1,"6":1,"7":1,"8":1,"9":1,"10":1},"f":{},"b":{}}
,"D:\\Documents\\RNT\\webpack\\src\\store\\index.ts": {"path":"D:\\Documents\\RNT\\webpack\\src\\store\\index.ts","statementMap":{"0":{"start":{"line":1,"column":0},"end":{"line":1,"column":50}},"1":{"start":{"line":2,"column":0},"end":{"line":2,"column":49}},"2":{"start":{"line":3,"column":0},"end":{"line":3,"column":66}},"3":{"start":{"line":4,"column":0},"end":{"line":4,"column":44}},"4":{"start":{"line":6,"column":13},"end":{"line":14,"column":3}},"5":{"start":{"line":11,"column":40},"end":{"line":13,"column":4}},"6":{"start":{"line":16,"column":11},"end":{"line":16,"column":null}}},"fnMap":{"0":{"name":"(anonymous_1)","decl":{"start":{"line":11,"column":14},"end":{"line":11,"column":15}},"loc":{"start":{"line":11,"column":40},"end":{"line":13,"column":4}}}},"branchMap":{},"s":{"0":3,"1":3,"2":3,"3":3,"4":3,"5":3,"6":3},"f":{"0":3},"b":{}}
,"D:\\Documents\\RNT\\webpack\\src\\store\\auth\\authSlice.ts": {"path":"D:\\Documents\\RNT\\webpack\\src\\store\\auth\\authSlice.ts","statementMap":{"0":{"start":{"line":1,"column":0},"end":{"line":1,"column":80}},"1":{"start":{"line":2,"column":0},"end":{"line":2,"column":47}},"2":{"start":{"line":3,"column":0},"end":{"line":3,"column":48}},"3":{"start":{"line":4,"column":0},"end":{"line":4,"column":26}},"4":{"start":{"line":25,"column":32},"end":{"line":28,"column":2}},"5":{"start":{"line":30,"column":13},"end":{"line":41,"column":2}},"6":{"start":{"line":33,"column":29},"end":{"line":33,"column":36}},"7":{"start":{"line":34,"column":25},"end":{"line":36,"column":6}},"8":{"start":{"line":37,"column":4},"end":{"line":38,"column":61}},"9":{"start":{"line":38,"column":6},"end":{"line":38,"column":61}},"10":{"start":{"line":39,"column":4},"end":{"line":39,"column":91}},"11":{"start":{"line":39,"column":81},"end":{"line":39,"column":89}},"12":{"start":{"line":42,"column":13},"end":{"line":55,"column":null}},"13":{"start":{"line":45,"column":4},"end":{"line":54,"column":null}},"14":{"start":{"line":50,"column":8},"end":{"line":52,"column":null}},"15":{"start":{"line":51,"column":10},"end":{"line":51,"column":29}},"16":{"start":{"line":53,"column":8},"end":{"line":53,"column":null}},"17":{"start":{"line":57,"column":18},"end":{"line":78,"column":2}},"18":{"start":{"line":61,"column":4},"end":{"line":64,"column":7}},"19":{"start":{"line":62,"column":6},"end":{"line":62,"column":35}},"20":{"start":{"line":63,"column":6},"end":{"line":63,"column":34}},"21":{"start":{"line":65,"column":4},"end":{"line":67,"column":7}},"22":{"start":{"line":66,"column":6},"end":{"line":66,"column":48}},"23":{"start":{"line":68,"column":4},"end":{"line":70,"column":7}},"24":{"start":{"line":69,"column":6},"end":{"line":69,"column":48}},"25":{"start":{"line":74,"column":6},"end":{"line":74,"column":36}},"26":{"start":{"line":75,"column":6},"end":{"line":75,"column":24}},"27":{"start":{"line":80,"column":22},"end":{"line":83,"column":2}},"28":{"start":{"line":85,"column":29},"end":{"line":85,"column":77}},"29":{"start":{"line":87,"column":16},"end":{"line":87,"column":45}},"30":{"start":{"line":89,"column":0},"end":{"line":89,"column":36}}},"fnMap":{"0":{"name":"(anonymous_1)","decl":{"start":{"line":32,"column":2},"end":{"line":32,"column":7}},"loc":{"start":{"line":32,"column":42},"end":{"line":40,"column":3}}},"1":{"name":"(anonymous_2)","decl":{"start":{"line":39,"column":67},"end":{"line":39,"column":68}},"loc":{"start":{"line":39,"column":81},"end":{"line":39,"column":89}}},"2":{"name":"(anonymous_3)","decl":{"start":{"line":44,"column":2},"end":{"line":44,"column":7}},"loc":{"start":{"line":44,"column":43},"end":{"line":55,"column":3}}},"3":{"name":"(anonymous_4)","decl":{"start":{"line":49,"column":12},"end":{"line":49,"column":13}},"loc":{"start":{"line":49,"column":20},"end":{"line":54,"column":7}}},"4":{"name":"(anonymous_5)","decl":{"start":{"line":60,"column":17},"end":{"line":60,"column":18}},"loc":{"start":{"line":60,"column":29},"end":{"line":71,"column":3}}},"5":{"name":"(anonymous_6)","decl":{"start":{"line":61,"column":44},"end":{"line":61,"column":45}},"loc":{"start":{"line":61,"column":62},"end":{"line":64,"column":5}}},"6":{"name":"(anonymous_7)","decl":{"start":{"line":65,"column":43},"end":{"line":65,"column":44}},"loc":{"start":{"line":65,"column":57},"end":{"line":67,"column":5}}},"7":{"name":"(anonymous_8)","decl":{"start":{"line":68,"column":39},"end":{"line":68,"column":40}},"loc":{"start":{"line":68,"column":53},"end":{"line":70,"column":5}}},"8":{"name":"(anonymous_9)","decl":{"start":{"line":73,"column":4},"end":{"line":73,"column":10}},"loc":{"start":{"line":73,"column":16},"end":{"line":76,"column":5}}}},"branchMap":{"0":{"loc":{"start":{"line":37,"column":4},"end":{"line":38,"column":61}},"type":"if","locations":[{"start":{"line":37,"column":4},"end":{"line":38,"column":61}}]},"1":{"loc":{"start":{"line":50,"column":8},"end":{"line":52,"column":null}},"type":"if","locations":[{"start":{"line":50,"column":8},"end":{"line":52,"column":null}}]},"2":{"loc":{"start":{"line":50,"column":12},"end":{"line":50,"column":43}},"type":"binary-expr","locations":[{"start":{"line":50,"column":12},"end":{"line":50,"column":20}},{"start":{"line":50,"column":24},"end":{"line":50,"column":43}}]}},"s":{"0":4,"1":4,"2":4,"3":4,"4":4,"5":4,"6":0,"7":0,"8":0,"9":0,"10":0,"11":0,"12":4,"13":0,"14":0,"15":0,"16":0,"17":4,"18":3,"19":0,"20":0,"21":3,"22":0,"23":3,"24":0,"25":0,"26":0,"27":4,"28":4,"29":4,"30":4},"f":{"0":0,"1":0,"2":0,"3":0,"4":3,"5":0,"6":0,"7":0,"8":0},"b":{"0":[0],"1":[0],"2":[0,0]}}
,"D:\\Documents\\RNT\\webpack\\src\\store\\movies\\moviesSlice.ts": {"path":"D:\\Documents\\RNT\\webpack\\src\\store\\movies\\moviesSlice.ts","statementMap":{"0":{"start":{"line":1,"column":0},"end":{"line":1,"column":80}},"1":{"start":{"line":2,"column":0},"end":{"line":2,"column":26}},"2":{"start":{"line":11,"column":17},"end":{"line":16,"column":1}},"3":{"start":{"line":12,"column":12},"end":{"line":12,"column":42}},"4":{"start":{"line":13,"column":2},"end":{"line":13,"column":67}},"5":{"start":{"line":14,"column":2},"end":{"line":14,"column":48}},"6":{"start":{"line":15,"column":2},"end":{"line":15,"column":13}},"7":{"start":{"line":18,"column":13},"end":{"line":25,"column":2}},"8":{"start":{"line":21,"column":4},"end":{"line":23,"column":31}},"9":{"start":{"line":23,"column":21},"end":{"line":23,"column":29}},"10":{"start":{"line":26,"column":13},"end":{"line":36,"column":2}},"11":{"start":{"line":29,"column":19},"end":{"line":29,"column":44}},"12":{"start":{"line":30,"column":29},"end":{"line":30,"column":41}},"13":{"start":{"line":32,"column":4},"end":{"line":34,"column":31}},"14":{"start":{"line":34,"column":21},"end":{"line":34,"column":29}},"15":{"start":{"line":38,"column":34},"end":{"line":43,"column":2}},"16":{"start":{"line":45,"column":20},"end":{"line":75,"column":2}},"17":{"start":{"line":49,"column":4},"end":{"line":51,"column":7}},"18":{"start":{"line":50,"column":6},"end":{"line":50,"column":58}},"19":{"start":{"line":52,"column":4},"end":{"line":54,"column":7}},"20":{"start":{"line":53,"column":6},"end":{"line":53,"column":45}},"21":{"start":{"line":55,"column":4},"end":{"line":57,"column":7}},"22":{"start":{"line":56,"column":6},"end":{"line":56,"column":61}},"23":{"start":{"line":58,"column":4},"end":{"line":60,"column":7}},"24":{"start":{"line":59,"column":6},"end":{"line":59,"column":50}},"25":{"start":{"line":61,"column":4},"end":{"line":63,"column":7}},"26":{"start":{"line":62,"column":6},"end":{"line":62,"column":51}},"27":{"start":{"line":67,"column":19},"end":{"line":67,"column":33}},"28":{"start":{"line":68,"column":6},"end":{"line":68,"column":29}},"29":{"start":{"line":69,"column":6},"end":{"line":69,"column":73}},"30":{"start":{"line":72,"column":6},"end":{"line":72,"column":36}},"31":{"start":{"line":76,"column":13},"end":{"line":76,"column":null}},"32":{"start":{"line":78,"column":0},"end":{"line":78,"column":35}}},"fnMap":{"0":{"name":"(anonymous_1)","decl":{"start":{"line":11,"column":17},"end":{"line":11,"column":18}},"loc":{"start":{"line":11,"column":50},"end":{"line":16,"column":1}}},"1":{"name":"(anonymous_2)","decl":{"start":{"line":20,"column":2},"end":{"line":20,"column":7}},"loc":{"start":{"line":20,"column":23},"end":{"line":24,"column":3}}},"2":{"name":"(anonymous_3)","decl":{"start":{"line":23,"column":12},"end":{"line":23,"column":13}},"loc":{"start":{"line":23,"column":21},"end":{"line":23,"column":29}}},"3":{"name":"(anonymous_4)","decl":{"start":{"line":28,"column":2},"end":{"line":28,"column":7}},"loc":{"start":{"line":28,"column":24},"end":{"line":35,"column":3}}},"4":{"name":"(anonymous_5)","decl":{"start":{"line":34,"column":12},"end":{"line":34,"column":13}},"loc":{"start":{"line":34,"column":21},"end":{"line":34,"column":29}}},"5":{"name":"(anonymous_6)","decl":{"start":{"line":48,"column":17},"end":{"line":48,"column":18}},"loc":{"start":{"line":48,"column":29},"end":{"line":64,"column":3}}},"6":{"name":"(anonymous_7)","decl":{"start":{"line":49,"column":43},"end":{"line":49,"column":44}},"loc":{"start":{"line":49,"column":61},"end":{"line":51,"column":5}}},"7":{"name":"(anonymous_8)","decl":{"start":{"line":52,"column":41},"end":{"line":52,"column":42}},"loc":{"start":{"line":52,"column":51},"end":{"line":54,"column":5}}},"8":{"name":"(anonymous_9)","decl":{"start":{"line":55,"column":42},"end":{"line":55,"column":43}},"loc":{"start":{"line":55,"column":60},"end":{"line":57,"column":5}}},"9":{"name":"(anonymous_10)","decl":{"start":{"line":58,"column":40},"end":{"line":58,"column":41}},"loc":{"start":{"line":58,"column":50},"end":{"line":60,"column":5}}},"10":{"name":"(anonymous_11)","decl":{"start":{"line":61,"column":41},"end":{"line":61,"column":42}},"loc":{"start":{"line":61,"column":51},"end":{"line":63,"column":5}}},"11":{"name":"(anonymous_12)","decl":{"start":{"line":66,"column":4},"end":{"line":66,"column":14}},"loc":{"start":{"line":66,"column":60},"end":{"line":70,"column":5}}},"12":{"name":"(anonymous_13)","decl":{"start":{"line":71,"column":4},"end":{"line":71,"column":16}},"loc":{"start":{"line":71,"column":54},"end":{"line":73,"column":5}}}},"branchMap":{"0":{"loc":{"start":{"line":13,"column":39},"end":{"line":13,"column":64}},"type":"cond-expr","locations":[{"start":{"line":13,"column":50},"end":{"line":13,"column":55}},{"start":{"line":13,"column":58},"end":{"line":13,"column":64}}]},"1":{"loc":{"start":{"line":69,"column":23},"end":{"line":69,"column":72}},"type":"cond-expr","locations":[{"start":{"line":69,"column":50},"end":{"line":69,"column":54}},{"start":{"line":69,"column":57},"end":{"line":69,"column":72}}]}},"s":{"0":4,"1":4,"2":4,"3":0,"4":0,"5":0,"6":0,"7":4,"8":0,"9":0,"10":4,"11":0,"12":0,"13":0,"14":0,"15":4,"16":4,"17":3,"18":0,"19":3,"20":0,"21":3,"22":0,"23":3,"24":0,"25":3,"26":0,"27":0,"28":0,"29":0,"30":0,"31":4,"32":4},"f":{"0":0,"1":0,"2":0,"3":0,"4":0,"5":3,"6":0,"7":0,"8":0,"9":0,"10":0,"11":0,"12":0},"b":{"0":[0,0],"1":[0,0]}}
,"D:\\Documents\\RNT\\webpack\\src\\ui\\Button.tsx": {"path":"D:\\Documents\\RNT\\webpack\\src\\ui\\Button.tsx","statementMap":{"0":{"start":{"line":2,"column":0},"end":{"line":2,"column":49}},"1":{"start":{"line":9,"column":25},"end":{"line":13,"column":1}},"2":{"start":{"line":10,"column":4},"end":{"line":10,"column":71}},"3":{"start":{"line":10,"column":30},"end":{"line":10,"column":71}},"4":{"start":{"line":11,"column":4},"end":{"line":11,"column":67}},"5":{"start":{"line":11,"column":28},"end":{"line":11,"column":67}},"6":{"start":{"line":12,"column":4},"end":{"line":12,"column":22}},"7":{"start":{"line":9,"column":13},"end":{"line":9,"column":25}},"8":{"start":{"line":15,"column":38},"end":{"line":23,"column":1}},"9":{"start":{"line":16,"column":24},"end":{"line":16,"column":48}},"10":{"start":{"line":16,"column":30},"end":{"line":16,"column":48}},"11":{"start":{"line":18,"column":4},"end":{"line":22,"column":6}},"12":{"start":{"line":25,"column":0},"end":{"line":25,"column":22}}},"fnMap":{"0":{"name":"(anonymous_1)","decl":{"start":{"line":9,"column":25},"end":{"line":9,"column":26}},"loc":{"start":{"line":9,"column":70},"end":{"line":13,"column":1}}},"1":{"name":"(anonymous_2)","decl":{"start":{"line":15,"column":38},"end":{"line":15,"column":39}},"loc":{"start":{"line":15,"column":73},"end":{"line":23,"column":1}}},"2":{"name":"(anonymous_3)","decl":{"start":{"line":16,"column":24},"end":{"line":16,"column":27}},"loc":{"start":{"line":16,"column":30},"end":{"line":16,"column":48}}}},"branchMap":{"0":{"loc":{"start":{"line":10,"column":4},"end":{"line":10,"column":71}},"type":"if","locations":[{"start":{"line":10,"column":4},"end":{"line":10,"column":71}}]},"1":{"loc":{"start":{"line":11,"column":4},"end":{"line":11,"column":67}},"type":"if","locations":[{"start":{"line":11,"column":4},"end":{"line":11,"column":67}}]}},"s":{"0":3,"1":3,"2":6,"3":2,"4":4,"5":1,"6":3,"7":3,"8":3,"9":6,"10":6,"11":6,"12":3},"f":{"0":6,"1":6,"2":6},"b":{"0":[2],"1":[1]}}
,"D:\\Documents\\RNT\\webpack\\src\\ui\\Spinner.tsx": {"path":"D:\\Documents\\RNT\\webpack\\src\\ui\\Spinner.tsx","statementMap":{"0":{"start":{"line":1,"column":0},"end":{"line":1,"column":50}},"1":{"start":{"line":3,"column":16},"end":{"line":9,"column":1}},"2":{"start":{"line":4,"column":4},"end":{"line":8,"column":6}},"3":{"start":{"line":11,"column":0},"end":{"line":11,"column":23}}},"fnMap":{"0":{"name":"(anonymous_1)","decl":{"start":{"line":3,"column":16},"end":{"line":3,"column":19}},"loc":{"start":{"line":3,"column":21},"end":{"line":9,"column":1}}}},"branchMap":{},"s":{"0":2,"1":2,"2":1,"3":2},"f":{"0":1},"b":{}}
,"D:\\Documents\\RNT\\webpack\\src\\widgets\\Search.tsx": {"path":"D:\\Documents\\RNT\\webpack\\src\\widgets\\Search.tsx","statementMap":{"0":{"start":{"line":2,"column":0},"end":{"line":2,"column":55}},"1":{"start":{"line":4,"column":0},"end":{"line":4,"column":48}},"2":{"start":{"line":5,"column":0},"end":{"line":5,"column":58}},"3":{"start":{"line":6,"column":0},"end":{"line":6,"column":33}},"4":{"start":{"line":7,"column":0},"end":{"line":7,"column":33}},"5":{"start":{"line":9,"column":15},"end":{"line":73,"column":1}},"6":{"start":{"line":10,"column":19},"end":{"line":10,"column":45}},"7":{"start":{"line":11,"column":22},"end":{"line":11,"column":69}},"8":{"start":{"line":11,"column":56},"end":{"line":11,"column":68}},"9":{"start":{"line":12,"column":26},"end":{"line":15,"column":4}},"10":{"start":{"line":17,"column":28},"end":{"line":20,"column":3}},"11":{"start":{"line":18,"column":28},"end":{"line":18,"column":36}},"12":{"start":{"line":19,"column":4},"end":{"line":19,"column":40}},"13":{"start":{"line":22,"column":23},"end":{"line":25,"column":3}},"14":{"start":{"line":23,"column":4},"end":{"line":23,"column":23}},"15":{"start":{"line":24,"column":4},"end":{"line":24,"column":33}},"16":{"start":{"line":27,"column":2},"end":{"line":72,"column":4}},"17":{"start":{"line":74,"column":0},"end":{"line":74,"column":22}}},"fnMap":{"0":{"name":"(anonymous_1)","decl":{"start":{"line":9,"column":15},"end":{"line":9,"column":18}},"loc":{"start":{"line":9,"column":20},"end":{"line":73,"column":1}}},"1":{"name":"(anonymous_2)","decl":{"start":{"line":11,"column":34},"end":{"line":11,"column":35}},"loc":{"start":{"line":11,"column":56},"end":{"line":11,"column":68}}},"2":{"name":"(anonymous_3)","decl":{"start":{"line":17,"column":28},"end":{"line":17,"column":29}},"loc":{"start":{"line":17,"column":71},"end":{"line":20,"column":3}}},"3":{"name":"(anonymous_4)","decl":{"start":{"line":22,"column":23},"end":{"line":22,"column":24}},"loc":{"start":{"line":22,"column":63},"end":{"line":25,"column":3}}}},"branchMap":{},"s":{"0":2,"1":2,"2":2,"3":2,"4":2,"5":2,"6":1,"7":1,"8":2,"9":1,"10":1,"11":0,"12":0,"13":1,"14":0,"15":0,"16":1,"17":2},"f":{"0":1,"1":2,"2":0,"3":0},"b":{}}
,"D:\\Documents\\RNT\\webpack\\src\\widgets\\Sort.tsx": {"path":"D:\\Documents\\RNT\\webpack\\src\\widgets\\Sort.tsx","statementMap":{"0":{"start":{"line":1,"column":0},"end":{"line":1,"column":55}},"1":{"start":{"line":3,"column":0},"end":{"line":3,"column":56}},"2":{"start":{"line":4,"column":0},"end":{"line":4,"column":47}},"3":{"start":{"line":6,"column":13},"end":{"line":51,"column":1}},"4":{"start":{"line":7,"column":25},"end":{"line":7,"column":72}},"5":{"start":{"line":7,"column":59},"end":{"line":7,"column":71}},"6":{"start":{"line":8,"column":32},"end":{"line":8,"column":45}},"7":{"start":{"line":10,"column":21},"end":{"line":14,"column":3}},"8":{"start":{"line":11,"column":4},"end":{"line":11,"column":23}},"9":{"start":{"line":12,"column":18},"end":{"line":12,"column":54}},"10":{"start":{"line":13,"column":4},"end":{"line":13,"column":31}},"11":{"start":{"line":16,"column":22},"end":{"line":17,"column":42}},"12":{"start":{"line":17,"column":4},"end":{"line":17,"column":42}},"13":{"start":{"line":19,"column":22},"end":{"line":19,"column":47}},"14":{"start":{"line":19,"column":28},"end":{"line":19,"column":47}},"15":{"start":{"line":20,"column":22},"end":{"line":20,"column":47}},"16":{"start":{"line":20,"column":28},"end":{"line":20,"column":47}},"17":{"start":{"line":22,"column":22},"end":{"line":28,"column":3}},"18":{"start":{"line":23,"column":4},"end":{"line":26,"column":null}},"19":{"start":{"line":24,"column":6},"end":{"line":24,"column":31}},"20":{"start":{"line":24,"column":20},"end":{"line":24,"column":31}},"21":{"start":{"line":25,"column":6},"end":{"line":25,"column":17}},"22":{"start":{"line":27,"column":4},"end":{"line":27,"column":14}},"23":{"start":{"line":29,"column":22},"end":{"line":29,"column":47}},"24":{"start":{"line":29,"column":28},"end":{"line":29,"column":47}},"25":{"start":{"line":30,"column":22},"end":{"line":30,"column":47}},"26":{"start":{"line":30,"column":28},"end":{"line":30,"column":47}},"27":{"start":{"line":32,"column":2},"end":{"line":50,"column":4}},"28":{"start":{"line":52,"column":0},"end":{"line":52,"column":20}}},"fnMap":{"0":{"name":"(anonymous_1)","decl":{"start":{"line":6,"column":13},"end":{"line":6,"column":16}},"loc":{"start":{"line":6,"column":18},"end":{"line":51,"column":1}}},"1":{"name":"(anonymous_2)","decl":{"start":{"line":7,"column":37},"end":{"line":7,"column":38}},"loc":{"start":{"line":7,"column":59},"end":{"line":7,"column":71}}},"2":{"name":"(anonymous_3)","decl":{"start":{"line":10,"column":21},"end":{"line":10,"column":22}},"loc":{"start":{"line":10,"column":61},"end":{"line":14,"column":3}}},"3":{"name":"(anonymous_4)","decl":{"start":{"line":16,"column":22},"end":{"line":16,"column":23}},"loc":{"start":{"line":17,"column":4},"end":{"line":17,"column":42}}},"4":{"name":"(anonymous_5)","decl":{"start":{"line":19,"column":22},"end":{"line":19,"column":25}},"loc":{"start":{"line":19,"column":28},"end":{"line":19,"column":47}}},"5":{"name":"(anonymous_6)","decl":{"start":{"line":20,"column":22},"end":{"line":20,"column":25}},"loc":{"start":{"line":20,"column":28},"end":{"line":20,"column":47}}},"6":{"name":"(anonymous_7)","decl":{"start":{"line":22,"column":22},"end":{"line":22,"column":23}},"loc":{"start":{"line":22,"column":48},"end":{"line":28,"column":3}}},"7":{"name":"(anonymous_8)","decl":{"start":{"line":29,"column":22},"end":{"line":29,"column":25}},"loc":{"start":{"line":29,"column":28},"end":{"line":29,"column":47}}},"8":{"name":"(anonymous_9)","decl":{"start":{"line":30,"column":22},"end":{"line":30,"column":25}},"loc":{"start":{"line":30,"column":28},"end":{"line":30,"column":47}}}},"branchMap":{"0":{"loc":{"start":{"line":17,"column":4},"end":{"line":17,"column":42}},"type":"cond-expr","locations":[{"start":{"line":17,"column":24},"end":{"line":17,"column":37}},{"start":{"line":17,"column":40},"end":{"line":17,"column":42}}]},"1":{"loc":{"start":{"line":23,"column":4},"end":{"line":26,"column":null}},"type":"if","locations":[{"start":{"line":23,"column":4},"end":{"line":26,"column":null}}]},"2":{"loc":{"start":{"line":24,"column":6},"end":{"line":24,"column":31}},"type":"if","locations":[{"start":{"line":24,"column":6},"end":{"line":24,"column":31}}]}},"s":{"0":2,"1":2,"2":2,"3":2,"4":3,"5":6,"6":3,"7":3,"8":0,"9":0,"10":0,"11":3,"12":6,"13":3,"14":3,"15":3,"16":3,"17":3,"18":6,"19":3,"20":3,"21":0,"22":3,"23":3,"24":3,"25":3,"26":3,"27":3,"28":2},"f":{"0":3,"1":6,"2":0,"3":6,"4":3,"5":3,"6":6,"7":3,"8":3},"b":{"0":[3,3],"1":[3],"2":[3]}}
}
